Calculating task graph as configuration cache cannot be reused because file 'gradle\libs.versions.toml' has changed.
WARNING: We recommend using a newer Android Gradle plugin to use compileSdk = 36

This Android Gradle plugin (8.3.1) was tested up to compileSdk = 34.

You are strongly encouraged to update your project to use a newer
Android Gradle plugin that has been tested with compileSdk = 36.

If you are already using the latest version of the Android Gradle plugin,
you may need to wait until a newer version with support for compileSdk = 36 is available.

To suppress this warning, add/update
    android.suppressUnsupportedCompileSdk=36
to this project's gradle.properties.
> Task :core-ui:preBuild UP-TO-DATE
> Task :feature-dashboard:preBuild UP-TO-DATE
> Task :core-domain:preBuild UP-TO-DATE
> Task :app:preBuild UP-TO-DATE
> Task :core-database:preBuild UP-TO-DATE
> Task :app:preDebugBuild UP-TO-DATE
> Task :core-domain:preDebugBuild UP-TO-DATE
> Task :core-domain:checkKotlinGradlePluginConfigurationErrors
> Task :core-ui:checkKotlinGradlePluginConfigurationErrors
> Task :app:checkKotlinGradlePluginConfigurationErrors
> Task :core-database:checkKotlinGradlePluginConfigurationErrors
> Task :feature-dashboard:checkKotlinGradlePluginConfigurationErrors
> Task :feature-dashboard:preDebugBuild UP-TO-DATE
> Task :core-database:preDebugBuild UP-TO-DATE
> Task :core-ui:preDebugBuild UP-TO-DATE
> Task :feature-dashboard:prepareLintJarForPublish UP-TO-DATE
> Task :core-ui:prepareLintJarForPublish UP-TO-DATE
> Task :core-domain:generateDebugResValues UP-TO-DATE
> Task :core-domain:prepareLintJarForPublish UP-TO-DATE
> Task :core-database:prepareLintJarForPublish UP-TO-DATE
> Task :core-domain:writeDebugAarMetadata UP-TO-DATE
> Task :app:mergeDebugNativeDebugMetadata NO-SOURCE
> Task :core-domain:mergeDebugShaders UP-TO-DATE
> Task :core-domain:javaPreCompileDebug UP-TO-DATE
> Task :feature-dashboard:writeDebugAarMetadata UP-TO-DATE
> Task :core-domain:generateDebugResources UP-TO-DATE
> Task :app:createDebugCompatibleScreenManifests UP-TO-DATE
> Task :core-domain:processDebugManifest UP-TO-DATE
> Task :feature-dashboard:javaPreCompileDebug UP-TO-DATE
> Task :core-domain:extractDeepLinksDebug UP-TO-DATE
> Task :app:javaPreCompileDebug UP-TO-DATE
> Task :core-database:mergeDebugShaders UP-TO-DATE
> Task :core-domain:compileDebugShaders NO-SOURCE
> Task :core-database:javaPreCompileDebug UP-TO-DATE
> Task :feature-dashboard:generateDebugResValues UP-TO-DATE
> Task :core-database:generateDebugResValues UP-TO-DATE
> Task :core-domain:mergeDebugJniLibFolders UP-TO-DATE
> Task :app:desugarDebugFileDependencies UP-TO-DATE
> Task :app:generateDebugResValues UP-TO-DATE
> Task :core-database:writeDebugAarMetadata UP-TO-DATE
> Task :app:generateDebugBuildConfig UP-TO-DATE
> Task :core-ui:writeDebugAarMetadata UP-TO-DATE
> Task :core-ui:javaPreCompileDebug UP-TO-DATE
> Task :app:mergeDebugJniLibFolders UP-TO-DATE
> Task :core-database:mergeDebugJniLibFolders UP-TO-DATE
> Task :feature-dashboard:processDebugManifest UP-TO-DATE
> Task :feature-dashboard:mergeDebugJniLibFolders UP-TO-DATE
> Task :core-ui:mergeDebugShaders UP-TO-DATE
> Task :core-database:processDebugManifest UP-TO-DATE
> Task :feature-dashboard:mergeDebugShaders UP-TO-DATE
> Task :app:mergeDebugShaders UP-TO-DATE
> Task :core-ui:mergeDebugJniLibFolders UP-TO-DATE
> Task :core-database:generateDebugResources UP-TO-DATE
> Task :core-domain:mergeDebugNativeLibs NO-SOURCE
> Task :app:extractDeepLinksDebug UP-TO-DATE
> Task :core-domain:generateDebugAssets UP-TO-DATE
> Task :app:validateSigningDebug UP-TO-DATE
> Task :app:compileDebugShaders NO-SOURCE
> Task :feature-dashboard:compileDebugShaders NO-SOURCE
> Task :core-ui:generateDebugResValues UP-TO-DATE
> Task :feature-dashboard:mergeDebugNativeLibs NO-SOURCE
> Task :core-domain:copyDebugJniLibsProjectOnly UP-TO-DATE
> Task :core-database:compileDebugShaders NO-SOURCE
> Task :app:writeDebugAppMetadata UP-TO-DATE
> Task :core-database:generateDebugAssets UP-TO-DATE
> Task :app:writeDebugSigningConfigVersions UP-TO-DATE
> Task :core-ui:compileDebugShaders NO-SOURCE
> Task :feature-dashboard:generateDebugResources UP-TO-DATE
> Task :feature-dashboard:extractDeepLinksDebug UP-TO-DATE
> Task :core-ui:processDebugManifest UP-TO-DATE
> Task :core-domain:packageDebugResources UP-TO-DATE
> Task :core-database:extractDeepLinksDebug UP-TO-DATE
> Task :feature-dashboard:copyDebugJniLibsProjectOnly UP-TO-DATE
> Task :app:generateDebugResources UP-TO-DATE
> Task :core-database:mergeDebugNativeLibs NO-SOURCE
> Task :core-domain:packageDebugAssets UP-TO-DATE
> Task :core-ui:mergeDebugNativeLibs NO-SOURCE
> Task :core-database:extractDeepLinksForAarDebug UP-TO-DATE
> Task :app:generateDebugAssets UP-TO-DATE
> Task :core-database:prepareDebugArtProfile UP-TO-DATE
> Task :feature-dashboard:generateDebugAssets UP-TO-DATE
> Task :core-domain:stripDebugDebugSymbols NO-SOURCE
> Task :core-domain:compileDebugLibraryResources UP-TO-DATE
> Task :core-ui:generateDebugAssets UP-TO-DATE
> Task :core-domain:prepareDebugArtProfile UP-TO-DATE
> Task :core-database:stripDebugDebugSymbols NO-SOURCE
> Task :core-database:copyDebugJniLibsProjectOnly UP-TO-DATE
> Task :core-domain:extractDeepLinksForAarDebug UP-TO-DATE
> Task :core-ui:extractDeepLinksForAarDebug UP-TO-DATE
> Task :core-ui:copyDebugJniLibsProjectOnly UP-TO-DATE
> Task :core-ui:extractDeepLinksDebug UP-TO-DATE
> Task :core-ui:generateDebugResources UP-TO-DATE
> Task :app:packageDebugResources UP-TO-DATE
> Task :core-database:packageDebugAssets UP-TO-DATE
> Task :core-domain:parseDebugLocalResources UP-TO-DATE
> Task :core-ui:prepareDebugArtProfile UP-TO-DATE
> Task :core-ui:stripDebugDebugSymbols NO-SOURCE
> Task :feature-dashboard:stripDebugDebugSymbols NO-SOURCE
> Task :core-domain:copyDebugJniLibsProjectAndLocalJars UP-TO-DATE
> Task :feature-dashboard:packageDebugAssets UP-TO-DATE
> Task :core-database:packageDebugResources UP-TO-DATE
> Task :core-database:copyDebugJniLibsProjectAndLocalJars UP-TO-DATE
> Task :core-ui:packageDebugAssets UP-TO-DATE
> Task :feature-dashboard:prepareDebugArtProfile UP-TO-DATE
> Task :app:parseDebugLocalResources UP-TO-DATE
> Task :feature-dashboard:copyDebugJniLibsProjectAndLocalJars UP-TO-DATE
> Task :core-ui:copyDebugJniLibsProjectAndLocalJars UP-TO-DATE
> Task :feature-dashboard:extractDeepLinksForAarDebug UP-TO-DATE
> Task :feature-dashboard:packageDebugResources UP-TO-DATE
> Task :core-database:parseDebugLocalResources UP-TO-DATE
> Task :core-database:compileDebugLibraryResources UP-TO-DATE
> Task :feature-dashboard:compileDebugLibraryResources UP-TO-DATE
> Task :core-ui:packageDebugResources UP-TO-DATE
> Task :feature-dashboard:parseDebugLocalResources UP-TO-DATE
> Task :core-domain:generateDebugRFile UP-TO-DATE
> Task :core-ui:compileDebugLibraryResources UP-TO-DATE
> Task :core-database:generateDebugRFile UP-TO-DATE
> Task :core-ui:parseDebugLocalResources UP-TO-DATE
> Task :feature-dashboard:generateDebugRFile UP-TO-DATE
> Task :core-ui:generateDebugRFile UP-TO-DATE
> Task :core-database:kaptGenerateStubsDebugKotlin
> Task :app:checkDebugDuplicateClasses

> Task :core-database:kaptDebugKotlin
[INFO] All Javac options: {-Akapt.kotlin.generated=C:\Users\edwar\MultiAppShare-\core-database\build\generated\source\kaptKotlin\debug=-Akapt.kotlin.generated=C:\Users\edwar\MultiAppShare-\core-database\build\generated\source\kaptKotlin\debug, -Adagger.fastInit=enabled=-Adagger.fastInit=enabled, -Adagger.hilt.android.internal.disableAndroidSuperclassValidation=true=-Adagger.hilt.android.internal.disableAndroidSuperclassValidation=true, -Adagger.hilt.android.internal.projectType=LIBRARY=-Adagger.hilt.android.internal.projectType=LIBRARY, -Adagger.hilt.internal.useAggregatingRootProcessor=false=-Adagger.hilt.internal.useAggregatingRootProcessor=false, --source=21, -proc:=only, accessInternalAPI=true, --class-path=C:\Users\edwar\MultiAppShare-\core-database\build\intermediates\compile_r_class_jar\debug\generateDebugRFile\R.jar;C:\Users\edwar\.gradle\caches\transforms-4\1cae7d756af292dbd57988d572d691f6\transformed\jetified-hilt-android-2.51-api.jar;C:\Users\edwar\.gradle\caches\transforms-4\22c52dcbb6118be0056d812f154cb778\transformed\fragment-1.5.1-api.jar;C:\Users\edwar\.gradle\caches\transforms-4\d83991ee9cc7028d191ff0da3e401e94\transformed\jetified-activity-1.5.1-api.jar;C:\Users\edwar\.gradle\caches\transforms-4\376b0f90b3c98544f5c73ae38090c7d1\transformed\jetified-lifecycle-viewmodel-savedstate-2.5.1-api.jar;C:\Users\edwar\.gradle\caches\transforms-4\0eef1520a014fee16db3ff8684f5dcbf\transformed\jetified-core-ktx-1.12.0-api.jar;C:\Users\edwar\.gradle\caches\modules-2\files-2.1\androidx.room\room-common\2.6.1\ff1b9580850a9b7eef56554e356628d225785265\room-common-2.6.1.jar;C:\Users\edwar\.gradle\caches\transforms-4\34e213ffa8c766df1c6e1074fb6d70b5\transformed\room-runtime-2.6.1-api.jar;C:\Users\edwar\.gradle\caches\transforms-4\6ef0c21ab3184d2688410707766c4a43\transformed\jetified-room-ktx-2.6.1-api.jar;C:\Users\edwar\.gradle\caches\transforms-4\6310bcef0c676bb5f28a5c95d5c4816f\transformed\loader-1.0.0-api.jar;C:\Users\edwar\.gradle\caches\transforms-4\1ddfcc5f5e75e710664c705708981362\transformed\viewpager-1.0.0-api.jar;C:\Users\edwar\.gradle\caches\transforms-4\8b858152a051ff45fa8af2eda51ec782\transformed\customview-1.0.0-api.jar;C:\Users\edwar\.gradle\caches\transforms-4\b7d234c7da879a670ecdd06cc94d1f60\transformed\core-1.12.0-api.jar;C:\Users\edwar\.gradle\caches\transforms-4\dc351e3f900bbeb777b1859e7fa28105\transformed\jetified-annotation-experimental-1.3.1-api.jar;C:\Users\edwar\.gradle\caches\transforms-4\01d6c8cd77e231013c3845ddbe83290a\transformed\lifecycle-viewmodel-2.5.1-api.jar;C:\Users\edwar\.gradle\caches\transforms-4\198f87b4905299d87792165c284e6af1\transformed\jetified-savedstate-1.2.0-api.jar;C:\Users\edwar\.gradle\caches\transforms-4\11fb6312dfa85f1031566e618efe5c97\transformed\jetified-kotlinx-serialization-core-jvm-1.7.3.jar;C:\Users\edwar\.gradle\caches\transforms-4\3d00f3f967ab0616b6f069030d42b4a2\transformed\jetified-kotlinx-serialization-json-jvm-1.7.3.jar;C:\Users\edwar\.gradle\caches\transforms-4\bb2ba84f8bfa1e120b2db49a5f017291\transformed\lifecycle-runtime-2.5.1-api.jar;C:\Users\edwar\.gradle\caches\transforms-4\349f2a7e60f36816cfd7efe1f43f409a\transformed\lifecycle-livedata-2.0.0-api.jar;C:\Users\edwar\.gradle\caches\transforms-4\ee76031e582c709b515cf23d69fa91dc\transformed\lifecycle-livedata-core-2.5.1-api.jar;C:\Users\edwar\.gradle\caches\modules-2\files-2.1\androidx.lifecycle\lifecycle-common\2.5.1\1fdb7349701e9cf2f0a69fc10642b6fef6bb3e12\lifecycle-common-2.5.1.jar;C:\Users\edwar\.gradle\caches\transforms-4\442feecf32300cabf63f622ac7a248e3\transformed\sqlite-framework-2.4.0-api.jar;C:\Users\edwar\.gradle\caches\transforms-4\68202fc6690433be3c1faf3b23320e70\transformed\sqlite-2.4.0-api.jar;C:\Users\edwar\.gradle\caches\transforms-4\e6e4e19f3ca45c9d67a34207c19ed8fe\transformed\versionedparcelable-1.1.1-api.jar;C:\Users\edwar\.gradle\caches\modules-2\files-2.1\androidx.collection\collection\1.1.0\1f27220b47669781457de0d600849a5de0e89909\collection-1.1.0.jar;C:\Users\edwar\.gradle\caches\transforms-4\9a05bcc2598530dd9b23d45c5627783c\transformed\core-runtime-2.2.0-api.jar;C:\Users\edwar\.gradle\caches\modules-2\files-2.1\androidx.arch.core\core-common\2.2.0\5e1b8b81dfd5f52c56a8d53b18ca759c19a301f3\core-common-2.2.0.jar;C:\Users\edwar\.gradle\caches\transforms-4\e089d36036104d5d0b7ff354ac7f2061\transformed\jetified-annotation-jvm-1.6.0.jar;C:\Users\edwar\.gradle\caches\transforms-4\e3b47ecf657d85228ffa7b8c0f4f758d\transformed\jetified-kotlinx-coroutines-core-jvm-1.7.1.jar;C:\Users\edwar\.gradle\caches\transforms-4\66e7dd9b1ea69a835a859ce761a2d012\transformed\jetified-kotlinx-coroutines-android-1.7.1.jar;C:\Users\edwar\.gradle\caches\transforms-4\91022ca3871dfd139993b40b7f4a0c48\transformed\jetified-kotlin-stdlib-jdk8-2.0.21.jar;C:\Users\edwar\.gradle\caches\transforms-4\6258a8b19e906f768dc437722f47a6f9\transformed\jetified-kotlin-stdlib-jdk7-2.0.21.jar;C:\Users\edwar\.gradle\caches\transforms-4\b59065d523b1e53b843bdc053307052c\transformed\jetified-kotlin-stdlib-2.0.21.jar;C:\Users\edwar\.gradle\caches\transforms-4\5a30c4c9bf05a1d43ad932ff3730cc8a\transformed\jetified-annotations-23.0.0.jar;C:\Users\edwar\.gradle\caches\transforms-4\7295c81073c3166775ebefdc78b1c04e\transformed\jetified-hilt-core-2.51.jar;C:\Users\edwar\.gradle\caches\transforms-4\841b11f84fc4a9fb6b7792919b80dc64\transformed\jetified-dagger-2.51.jar;C:\Users\edwar\.gradle\caches\transforms-4\7b14c2f658c5ebe084af13b32214207c\transformed\jetified-javax.inject-1.jar;C:\Users\edwar\.gradle\caches\transforms-4\2cdd448f7e84a2c44d9726346d917ab5\transformed\jetified-dagger-lint-aar-2.51-api.jar;C:\Users\edwar\.gradle\caches\transforms-4\a1013d57a5bdfd8c53dfa76540a02908\transformed\jetified-jsr305-3.0.2.jar;C:\Users\edwar\AppData\Local\Android\Sdk\platforms\android-36\android.jar;C:\Users\edwar\AppData\Local\Android\Sdk\build-tools\34.0.0\core-lambda-stubs.jar, --processor-path=C:\Users\edwar\.gradle\caches\transforms-4\c1b80ebb0ec298e5cb628deb67791bdd\transformed\jetified-hilt-android-compiler-2.51.jar;C:\Users\edwar\.gradle\caches\modules-2\files-2.1\androidx.room\room-migration\2.6.1\8d8218e4ccfe9b34485619a8ca68f8760840301d\room-migration-2.6.1.jar;C:\Users\edwar\.gradle\caches\transforms-4\b33a47d519389cc50abaeca7b1b76750\transformed\jetified-room-compiler-processing-2.6.1.jar;C:\Users\edwar\.gradle\caches\modules-2\files-2.1\androidx.room\room-common\2.6.1\ff1b9580850a9b7eef56554e356628d225785265\room-common-2.6.1.jar;C:\Users\edwar\.gradle\caches\modules-2\files-2.1\androidx.room\room-compiler\2.6.1\d789379e27b40fa5cc6e17f4c56988d6500a4036\room-compiler-2.6.1.jar;C:\Users\edwar\.gradle\caches\transforms-4\fe76fce5d7f677add181deb968143e40\transformed\jetified-dagger-compiler-2.51.jar;C:\Users\edwar\.gradle\caches\transforms-4\5b7e80dec05b186e1c5c367540fba43e\transformed\jetified-dagger-spi-2.51.jar;C:\Users\edwar\.gradle\caches\transforms-4\841b11f84fc4a9fb6b7792919b80dc64\transformed\jetified-dagger-2.51.jar;C:\Users\edwar\.gradle\caches\transforms-4\451a761f36d6062892ee9dfe44e45cef\transformed\jetified-auto-common-0.11.jar;C:\Users\edwar\.gradle\caches\transforms-4\923c6f651d75fdc5d7a5be8129611f4d\transformed\jetified-google-java-format-1.5.jar;C:\Users\edwar\.gradle\caches\transforms-4\4ff432dd623aa2984debce8bf4b54e9b\transformed\jetified-guava-33.0.0-jre.jar;C:\Users\edwar\.gradle\caches\transforms-4\a1013d57a5bdfd8c53dfa76540a02908\transformed\jetified-jsr305-3.0.2.jar;C:\Users\edwar\.gradle\caches\transforms-4\97017efdb06effcb92fa4dac7c49f8b9\transformed\jetified-symbol-processing-api-1.9.20-1.0.14.jar;C:\Users\edwar\.gradle\caches\transforms-4\6a69345dcbcb50d65480b41a45db1be6\transformed\jetified-failureaccess-1.0.2.jar;C:\Users\edwar\.gradle\caches\transforms-4\e070782fcc903c6a5d83ca095a51aa1f\transformed\jetified-kotlinpoet-javapoet-1.14.2.jar;C:\Users\edwar\.gradle\caches\transforms-4\f29fbce6337320d527957851c6ae6659\transformed\jetified-javapoet-1.13.0.jar;C:\Users\edwar\.gradle\caches\transforms-4\7b14c2f658c5ebe084af13b32214207c\transformed\jetified-javax.inject-1.jar;C:\Users\edwar\.gradle\caches\transforms-4\762a3f1dc72253676529140690ef9b43\transformed\jetified-incap-0.2.jar;C:\Users\edwar\.gradle\caches\transforms-4\a74173feae8c8456bd66f4ac026aed76\transformed\jetified-kotlinpoet-1.14.2.jar;C:\Users\edwar\.gradle\caches\transforms-4\91022ca3871dfd139993b40b7f4a0c48\transformed\jetified-kotlin-stdlib-jdk8-2.0.21.jar;C:\Users\edwar\.gradle\caches\transforms-4\59dc7f568018f580374a65fef119ac97\transformed\jetified-kotlin-reflect-2.0.21.jar;C:\Users\edwar\.gradle\caches\transforms-4\6258a8b19e906f768dc437722f47a6f9\transformed\jetified-kotlin-stdlib-jdk7-2.0.21.jar;C:\Users\edwar\.gradle\caches\transforms-4\b59065d523b1e53b843bdc053307052c\transformed\jetified-kotlin-stdlib-2.0.21.jar;C:\Users\edwar\.gradle\caches\transforms-4\6e28233924963a9bc3537f31ea4375c7\transformed\jetified-auto-value-annotations-1.6.3.jar;C:\Users\edwar\.gradle\caches\transforms-4\1cd1af75214eb76c04de174e33c2a4c7\transformed\jetified-annotations-12.0.jar;C:\Users\edwar\.gradle\caches\transforms-4\648053be1e3b82ba5ffe73b34334e5b1\transformed\jetified-commons-codec-1.15.jar;C:\Users\edwar\.gradle\caches\transforms-4\dbbfa3a42ab18c3a8ee01325903f1a88\transformed\jetified-sqlite-jdbc-3.41.2.2.jar;C:\Users\edwar\.gradle\caches\transforms-4\07b6fabb30cb8cd68cbc1f9df7d6acc7\transformed\jetified-checker-compat-qual-2.5.5.jar;C:\Users\edwar\.gradle\caches\transforms-4\d71d4a0019abe1c18d6e28e131f42c51\transformed\jetified-listenablefuture-9999.0-empty-to-avoid-conflict-with-guava.jar;C:\Users\edwar\.gradle\caches\transforms-4\683c7e819d72a74f7d5e52811ed5d80f\transformed\jetified-checker-qual-3.41.0.jar;C:\Users\edwar\.gradle\caches\transforms-4\d2d29d8836e8fae5b9eafed5659cd75e\transformed\jetified-error_prone_annotations-2.23.0.jar;C:\Users\edwar\.gradle\caches\transforms-4\37547798cb929f56b39e294ff9690aa7\transformed\jetified-annotations-13.0.jar;C:\Users\edwar\.gradle\caches\modules-2\files-2.1\androidx.annotation\annotation\1.3.0\21f49f5f9b85fc49de712539f79123119740595\annotation-1.3.0.jar;C:\Users\edwar\.gradle\caches\transforms-4\3963cf1e6b2ee4592a4891a1c8ca4405\transformed\jetified-gson-2.9.0.jar;C:\Users\edwar\.gradle\caches\transforms-4\b67eedede2845849996e5da900f88a8d\transformed\jetified-javac-shaded-9-dev-r4023-3.jar, -s=C:\Users\edwar\MultiAppShare-\core-database\build\generated\source\kapt\debug, -d=C:\Users\edwar\MultiAppShare-\core-database\build\tmp\kapt3\classes\debug, -encoding=UTF-8}
[INFO] Kapt is enabled (stand-alone mode).
Annotation processing mode: apt
Memory leak detection mode: none
Show processor stats: false
Verbose mode: true
Info as warnings: false
Use light analysis: false
Correct error types: false
Dump default parameter values: false
Map diagnostic locations: false
Strict mode: false
Detect annotation processors in compile classpath: true
Incremental annotation processing (apt mode): false
Strip @Metadata annotations from stubs: false
Keep KDoc comments in stubs: false
Use JVM IR backend: false
Use K2: false
Project base dir: C:\Users\edwar\MultiAppShare-\core-database
Compile classpath: C:\Users\edwar\MultiAppShare-\core-database\build\intermediates\compile_r_class_jar\debug\generateDebugRFile\R.jar, C:\Users\edwar\.gradle\caches\transforms-4\1cae7d756af292dbd57988d572d691f6\transformed\jetified-hilt-android-2.51-api.jar, C:\Users\edwar\.gradle\caches\transforms-4\22c52dcbb6118be0056d812f154cb778\transformed\fragment-1.5.1-api.jar, C:\Users\edwar\.gradle\caches\transforms-4\d83991ee9cc7028d191ff0da3e401e94\transformed\jetified-activity-1.5.1-api.jar, C:\Users\edwar\.gradle\caches\transforms-4\376b0f90b3c98544f5c73ae38090c7d1\transformed\jetified-lifecycle-viewmodel-savedstate-2.5.1-api.jar, C:\Users\edwar\.gradle\caches\transforms-4\0eef1520a014fee16db3ff8684f5dcbf\transformed\jetified-core-ktx-1.12.0-api.jar, C:\Users\edwar\.gradle\caches\modules-2\files-2.1\androidx.room\room-common\2.6.1\ff1b9580850a9b7eef56554e356628d225785265\room-common-2.6.1.jar, C:\Users\edwar\.gradle\caches\transforms-4\34e213ffa8c766df1c6e1074fb6d70b5\transformed\room-runtime-2.6.1-api.jar, C:\Users\edwar\.gradle\caches\transforms-4\6ef0c21ab3184d2688410707766c4a43\transformed\jetified-room-ktx-2.6.1-api.jar, C:\Users\edwar\.gradle\caches\transforms-4\6310bcef0c676bb5f28a5c95d5c4816f\transformed\loader-1.0.0-api.jar, C:\Users\edwar\.gradle\caches\transforms-4\1ddfcc5f5e75e710664c705708981362\transformed\viewpager-1.0.0-api.jar, C:\Users\edwar\.gradle\caches\transforms-4\8b858152a051ff45fa8af2eda51ec782\transformed\customview-1.0.0-api.jar, C:\Users\edwar\.gradle\caches\transforms-4\b7d234c7da879a670ecdd06cc94d1f60\transformed\core-1.12.0-api.jar, C:\Users\edwar\.gradle\caches\transforms-4\dc351e3f900bbeb777b1859e7fa28105\transformed\jetified-annotation-experimental-1.3.1-api.jar, C:\Users\edwar\.gradle\caches\transforms-4\01d6c8cd77e231013c3845ddbe83290a\transformed\lifecycle-viewmodel-2.5.1-api.jar, C:\Users\edwar\.gradle\caches\transforms-4\198f87b4905299d87792165c284e6af1\transformed\jetified-savedstate-1.2.0-api.jar, C:\Users\edwar\.gradle\caches\transforms-4\11fb6312dfa85f1031566e618efe5c97\transformed\jetified-kotlinx-serialization-core-jvm-1.7.3.jar, C:\Users\edwar\.gradle\caches\transforms-4\3d00f3f967ab0616b6f069030d42b4a2\transformed\jetified-kotlinx-serialization-json-jvm-1.7.3.jar, C:\Users\edwar\.gradle\caches\transforms-4\bb2ba84f8bfa1e120b2db49a5f017291\transformed\lifecycle-runtime-2.5.1-api.jar, C:\Users\edwar\.gradle\caches\transforms-4\349f2a7e60f36816cfd7efe1f43f409a\transformed\lifecycle-livedata-2.0.0-api.jar, C:\Users\edwar\.gradle\caches\transforms-4\ee76031e582c709b515cf23d69fa91dc\transformed\lifecycle-livedata-core-2.5.1-api.jar, C:\Users\edwar\.gradle\caches\modules-2\files-2.1\androidx.lifecycle\lifecycle-common\2.5.1\1fdb7349701e9cf2f0a69fc10642b6fef6bb3e12\lifecycle-common-2.5.1.jar, C:\Users\edwar\.gradle\caches\transforms-4\442feecf32300cabf63f622ac7a248e3\transformed\sqlite-framework-2.4.0-api.jar, C:\Users\edwar\.gradle\caches\transforms-4\68202fc6690433be3c1faf3b23320e70\transformed\sqlite-2.4.0-api.jar, C:\Users\edwar\.gradle\caches\transforms-4\e6e4e19f3ca45c9d67a34207c19ed8fe\transformed\versionedparcelable-1.1.1-api.jar, C:\Users\edwar\.gradle\caches\modules-2\files-2.1\androidx.collection\collection\1.1.0\1f27220b47669781457de0d600849a5de0e89909\collection-1.1.0.jar, C:\Users\edwar\.gradle\caches\transforms-4\9a05bcc2598530dd9b23d45c5627783c\transformed\core-runtime-2.2.0-api.jar, C:\Users\edwar\.gradle\caches\modules-2\files-2.1\androidx.arch.core\core-common\2.2.0\5e1b8b81dfd5f52c56a8d53b18ca759c19a301f3\core-common-2.2.0.jar, C:\Users\edwar\.gradle\caches\transforms-4\e089d36036104d5d0b7ff354ac7f2061\transformed\jetified-annotation-jvm-1.6.0.jar, C:\Users\edwar\.gradle\caches\transforms-4\e3b47ecf657d85228ffa7b8c0f4f758d\transformed\jetified-kotlinx-coroutines-core-jvm-1.7.1.jar, C:\Users\edwar\.gradle\caches\transforms-4\66e7dd9b1ea69a835a859ce761a2d012\transformed\jetified-kotlinx-coroutines-android-1.7.1.jar, C:\Users\edwar\.gradle\caches\transforms-4\91022ca3871dfd139993b40b7f4a0c48\transformed\jetified-kotlin-stdlib-jdk8-2.0.21.jar, C:\Users\edwar\.gradle\caches\transforms-4\6258a8b19e906f768dc437722f47a6f9\transformed\jetified-kotlin-stdlib-jdk7-2.0.21.jar, C:\Users\edwar\.gradle\caches\transforms-4\b59065d523b1e53b843bdc053307052c\transformed\jetified-kotlin-stdlib-2.0.21.jar, C:\Users\edwar\.gradle\caches\transforms-4\5a30c4c9bf05a1d43ad932ff3730cc8a\transformed\jetified-annotations-23.0.0.jar, C:\Users\edwar\.gradle\caches\transforms-4\7295c81073c3166775ebefdc78b1c04e\transformed\jetified-hilt-core-2.51.jar, C:\Users\edwar\.gradle\caches\transforms-4\841b11f84fc4a9fb6b7792919b80dc64\transformed\jetified-dagger-2.51.jar, C:\Users\edwar\.gradle\caches\transforms-4\7b14c2f658c5ebe084af13b32214207c\transformed\jetified-javax.inject-1.jar, C:\Users\edwar\.gradle\caches\transforms-4\2cdd448f7e84a2c44d9726346d917ab5\transformed\jetified-dagger-lint-aar-2.51-api.jar, C:\Users\edwar\.gradle\caches\transforms-4\a1013d57a5bdfd8c53dfa76540a02908\transformed\jetified-jsr305-3.0.2.jar, C:\Users\edwar\AppData\Local\Android\Sdk\platforms\android-36\android.jar, C:\Users\edwar\AppData\Local\Android\Sdk\build-tools\34.0.0\core-lambda-stubs.jar
Java source roots: C:\Users\edwar\MultiAppShare-\core-database\build\tmp\kapt3\stubs\debug\com\multiappshare\data\local\AppDatabase.java, C:\Users\edwar\MultiAppShare-\core-database\build\tmp\kapt3\stubs\debug\com\multiappshare\data\local\Converters.java, C:\Users\edwar\MultiAppShare-\core-database\build\tmp\kapt3\stubs\debug\com\multiappshare\data\local\GroupDao.java, C:\Users\edwar\MultiAppShare-\core-database\build\tmp\kapt3\stubs\debug\com\multiappshare\data\local\HistoryDao.java, C:\Users\edwar\MultiAppShare-\core-database\build\tmp\kapt3\stubs\debug\com\multiappshare\di\DatabaseModule.java, C:\Users\edwar\MultiAppShare-\core-database\build\tmp\kapt3\stubs\debug\com\multiappshare\model\AppGroup.java, C:\Users\edwar\MultiAppShare-\core-database\build\tmp\kapt3\stubs\debug\com\multiappshare\model\AppInfo.java, C:\Users\edwar\MultiAppShare-\core-database\build\tmp\kapt3\stubs\debug\com\multiappshare\model\HistoryItem.java, C:\Users\edwar\MultiAppShare-\core-database\build\tmp\kapt3\stubs\debug\error\NonExistentClass.java
Sources output directory: C:\Users\edwar\MultiAppShare-\core-database\build\generated\source\kapt\debug
Class files output directory: C:\Users\edwar\MultiAppShare-\core-database\build\tmp\kapt3\classes\debug
Stubs output directory: C:\Users\edwar\MultiAppShare-\core-database\build\tmp\kapt3\stubs\debug
Incremental data output directory: C:\Users\edwar\MultiAppShare-\core-database\build\tmp\kapt3\stubs\debug
Annotation processing classpath: C:\Users\edwar\.gradle\caches\transforms-4\c1b80ebb0ec298e5cb628deb67791bdd\transformed\jetified-hilt-android-compiler-2.51.jar, C:\Users\edwar\.gradle\caches\modules-2\files-2.1\androidx.room\room-migration\2.6.1\8d8218e4ccfe9b34485619a8ca68f8760840301d\room-migration-2.6.1.jar, C:\Users\edwar\.gradle\caches\transforms-4\b33a47d519389cc50abaeca7b1b76750\transformed\jetified-room-compiler-processing-2.6.1.jar, C:\Users\edwar\.gradle\caches\modules-2\files-2.1\androidx.room\room-common\2.6.1\ff1b9580850a9b7eef56554e356628d225785265\room-common-2.6.1.jar, C:\Users\edwar\.gradle\caches\modules-2\files-2.1\androidx.room\room-compiler\2.6.1\d789379e27b40fa5cc6e17f4c56988d6500a4036\room-compiler-2.6.1.jar, C:\Users\edwar\.gradle\caches\transforms-4\fe76fce5d7f677add181deb968143e40\transformed\jetified-dagger-compiler-2.51.jar, C:\Users\edwar\.gradle\caches\transforms-4\5b7e80dec05b186e1c5c367540fba43e\transformed\jetified-dagger-spi-2.51.jar, C:\Users\edwar\.gradle\caches\transforms-4\841b11f84fc4a9fb6b7792919b80dc64\transformed\jetified-dagger-2.51.jar, C:\Users\edwar\.gradle\caches\transforms-4\451a761f36d6062892ee9dfe44e45cef\transformed\jetified-auto-common-0.11.jar, C:\Users\edwar\.gradle\caches\transforms-4\923c6f651d75fdc5d7a5be8129611f4d\transformed\jetified-google-java-format-1.5.jar, C:\Users\edwar\.gradle\caches\transforms-4\4ff432dd623aa2984debce8bf4b54e9b\transformed\jetified-guava-33.0.0-jre.jar, C:\Users\edwar\.gradle\caches\transforms-4\a1013d57a5bdfd8c53dfa76540a02908\transformed\jetified-jsr305-3.0.2.jar, C:\Users\edwar\.gradle\caches\transforms-4\97017efdb06effcb92fa4dac7c49f8b9\transformed\jetified-symbol-processing-api-1.9.20-1.0.14.jar, C:\Users\edwar\.gradle\caches\transforms-4\6a69345dcbcb50d65480b41a45db1be6\transformed\jetified-failureaccess-1.0.2.jar, C:\Users\edwar\.gradle\caches\transforms-4\e070782fcc903c6a5d83ca095a51aa1f\transformed\jetified-kotlinpoet-javapoet-1.14.2.jar, C:\Users\edwar\.gradle\caches\transforms-4\f29fbce6337320d527957851c6ae6659\transformed\jetified-javapoet-1.13.0.jar, C:\Users\edwar\.gradle\caches\transforms-4\7b14c2f658c5ebe084af13b32214207c\transformed\jetified-javax.inject-1.jar, C:\Users\edwar\.gradle\caches\transforms-4\762a3f1dc72253676529140690ef9b43\transformed\jetified-incap-0.2.jar, C:\Users\edwar\.gradle\caches\transforms-4\a74173feae8c8456bd66f4ac026aed76\transformed\jetified-kotlinpoet-1.14.2.jar, C:\Users\edwar\.gradle\caches\transforms-4\91022ca3871dfd139993b40b7f4a0c48\transformed\jetified-kotlin-stdlib-jdk8-2.0.21.jar, C:\Users\edwar\.gradle\caches\transforms-4\59dc7f568018f580374a65fef119ac97\transformed\jetified-kotlin-reflect-2.0.21.jar, C:\Users\edwar\.gradle\caches\transforms-4\6258a8b19e906f768dc437722f47a6f9\transformed\jetified-kotlin-stdlib-jdk7-2.0.21.jar, C:\Users\edwar\.gradle\caches\transforms-4\b59065d523b1e53b843bdc053307052c\transformed\jetified-kotlin-stdlib-2.0.21.jar, C:\Users\edwar\.gradle\caches\transforms-4\6e28233924963a9bc3537f31ea4375c7\transformed\jetified-auto-value-annotations-1.6.3.jar, C:\Users\edwar\.gradle\caches\transforms-4\1cd1af75214eb76c04de174e33c2a4c7\transformed\jetified-annotations-12.0.jar, C:\Users\edwar\.gradle\caches\transforms-4\648053be1e3b82ba5ffe73b34334e5b1\transformed\jetified-commons-codec-1.15.jar, C:\Users\edwar\.gradle\caches\transforms-4\dbbfa3a42ab18c3a8ee01325903f1a88\transformed\jetified-sqlite-jdbc-3.41.2.2.jar, C:\Users\edwar\.gradle\caches\transforms-4\07b6fabb30cb8cd68cbc1f9df7d6acc7\transformed\jetified-checker-compat-qual-2.5.5.jar, C:\Users\edwar\.gradle\caches\transforms-4\d71d4a0019abe1c18d6e28e131f42c51\transformed\jetified-listenablefuture-9999.0-empty-to-avoid-conflict-with-guava.jar, C:\Users\edwar\.gradle\caches\transforms-4\683c7e819d72a74f7d5e52811ed5d80f\transformed\jetified-checker-qual-3.41.0.jar, C:\Users\edwar\.gradle\caches\transforms-4\d2d29d8836e8fae5b9eafed5659cd75e\transformed\jetified-error_prone_annotations-2.23.0.jar, C:\Users\edwar\.gradle\caches\transforms-4\37547798cb929f56b39e294ff9690aa7\transformed\jetified-annotations-13.0.jar, C:\Users\edwar\.gradle\caches\modules-2\files-2.1\androidx.annotation\annotation\1.3.0\21f49f5f9b85fc49de712539f79123119740595\annotation-1.3.0.jar, C:\Users\edwar\.gradle\caches\transforms-4\3963cf1e6b2ee4592a4891a1c8ca4405\transformed\jetified-gson-2.9.0.jar, C:\Users\edwar\.gradle\caches\transforms-4\b67eedede2845849996e5da900f88a8d\transformed\jetified-javac-shaded-9-dev-r4023-3.jar
Annotation processors: 
AP options: {kapt.kotlin.generated=C:\Users\edwar\MultiAppShare-\core-database\build\generated\source\kaptKotlin\debug, dagger.fastInit=enabled=, dagger.hilt.android.internal.disableAndroidSuperclassValidation=true=, dagger.hilt.android.internal.projectType=LIBRARY=, dagger.hilt.internal.useAggregatingRootProcessor=false=}
Javac options: {--source=21}
[incremental apt] Changed files: []
[incremental apt] Compiled sources directories: C:\Users\edwar\MultiAppShare-\core-database\build\tmp\kotlin-classes\debug, C:\Users\edwar\MultiAppShare-\core-database\build\intermediates\javac\debug\compileDebugJavaWithJavac\classes
[incremental apt] Cache directory for incremental compilation: C:\Users\edwar\MultiAppShare-\core-database\build\tmp\kapt3\incApCache\debug
[incremental apt] Changed classpath names: 

[INFO] Need to discovery annotation processors in the AP classpath
[INFO] Use own ClassLoader for processor 'dagger.hilt.processor.internal.uninstallmodules.UninstallModulesProcessor'
[INFO] Use own ClassLoader for processor 'dagger.hilt.processor.internal.earlyentrypoint.EarlyEntryPointProcessor'
[INFO] Use own ClassLoader for processor 'dagger.hilt.android.processor.internal.viewmodel.ViewModelProcessor'
[INFO] Use own ClassLoader for processor 'dagger.hilt.android.processor.internal.bindvalue.BindValueProcessor'
[INFO] Use own ClassLoader for processor 'dagger.hilt.processor.internal.root.RootProcessor'
[INFO] Use own ClassLoader for processor 'dagger.hilt.processor.internal.root.ComponentTreeDepsProcessor'
[INFO] Use own ClassLoader for processor 'dagger.hilt.processor.internal.generatesrootinput.GeneratesRootInputProcessor'
[INFO] Use own ClassLoader for processor 'dagger.hilt.processor.internal.originatingelement.OriginatingElementProcessor'
[INFO] Use own ClassLoader for processor 'dagger.hilt.processor.internal.aggregateddeps.AggregatedDepsProcessor'
[INFO] Use own ClassLoader for processor 'dagger.hilt.processor.internal.aliasof.AliasOfProcessor'
[INFO] Use own ClassLoader for processor 'dagger.hilt.android.processor.internal.androidentrypoint.AndroidEntryPointProcessor'
[INFO] Use own ClassLoader for processor 'dagger.hilt.android.processor.internal.customtestapplication.CustomTestApplicationProcessor'
[INFO] Use own ClassLoader for processor 'dagger.hilt.processor.internal.definecomponent.DefineComponentProcessor'
[INFO] Use own ClassLoader for processor 'androidx.room.RoomProcessor'
[INFO] Use own ClassLoader for processor 'dagger.internal.codegen.ComponentProcessor'
[INFO] Annotation processors: dagger.hilt.processor.internal.uninstallmodules.UninstallModulesProcessor, dagger.hilt.processor.internal.earlyentrypoint.EarlyEntryPointProcessor, dagger.hilt.android.processor.internal.viewmodel.ViewModelProcessor, dagger.hilt.android.processor.internal.bindvalue.BindValueProcessor, dagger.hilt.processor.internal.root.RootProcessor, dagger.hilt.processor.internal.root.ComponentTreeDepsProcessor, dagger.hilt.processor.internal.generatesrootinput.GeneratesRootInputProcessor, dagger.hilt.processor.internal.originatingelement.OriginatingElementProcessor, dagger.hilt.processor.internal.aggregateddeps.AggregatedDepsProcessor, dagger.hilt.processor.internal.aliasof.AliasOfProcessor, dagger.hilt.android.processor.internal.androidentrypoint.AndroidEntryPointProcessor, dagger.hilt.android.processor.internal.customtestapplication.CustomTestApplicationProcessor, dagger.hilt.processor.internal.definecomponent.DefineComponentProcessor, androidx.room.RoomProcessor, dagger.internal.codegen.ComponentProcessor
[INFO] Processing java sources with annotation processors: C:\Users\edwar\MultiAppShare-\core-database\build\tmp\kapt3\stubs\debug\com\multiappshare\data\local\AppDatabase.java, C:\Users\edwar\MultiAppShare-\core-database\build\tmp\kapt3\stubs\debug\com\multiappshare\data\local\Converters.java, C:\Users\edwar\MultiAppShare-\core-database\build\tmp\kapt3\stubs\debug\com\multiappshare\data\local\GroupDao.java, C:\Users\edwar\MultiAppShare-\core-database\build\tmp\kapt3\stubs\debug\com\multiappshare\data\local\HistoryDao.java, C:\Users\edwar\MultiAppShare-\core-database\build\tmp\kapt3\stubs\debug\com\multiappshare\di\DatabaseModule.java, C:\Users\edwar\MultiAppShare-\core-database\build\tmp\kapt3\stubs\debug\com\multiappshare\model\AppGroup.java, C:\Users\edwar\MultiAppShare-\core-database\build\tmp\kapt3\stubs\debug\com\multiappshare\model\AppInfo.java, C:\Users\edwar\MultiAppShare-\core-database\build\tmp\kapt3\stubs\debug\com\multiappshare\model\HistoryItem.java, C:\Users\edwar\MultiAppShare-\core-database\build\tmp\kapt3\stubs\debug\error\NonExistentClass.java
[INFO] Processing types with annotation processors: 
[INFO] Analyzing sources structure took 21[ms].
[INFO] Annotation processing complete, errors: 0, warnings: 0
[INFO] Annotation processor stats:
[INFO] dagger.hilt.processor.internal.uninstallmodules.UninstallModulesProcessor: total: 38 ms, init: 38 ms, 0 round(s): 
[INFO] dagger.hilt.processor.internal.earlyentrypoint.EarlyEntryPointProcessor: total: 2 ms, init: 2 ms, 0 round(s): 
[INFO] dagger.hilt.android.processor.internal.viewmodel.ViewModelProcessor: total: 1 ms, init: 1 ms, 0 round(s): 
[INFO] dagger.hilt.android.processor.internal.bindvalue.BindValueProcessor: total: 6 ms, init: 6 ms, 0 round(s): 
[INFO] dagger.hilt.processor.internal.root.RootProcessor: total: 3 ms, init: 3 ms, 0 round(s): 
[INFO] dagger.hilt.processor.internal.root.ComponentTreeDepsProcessor: total: 0 ms, init: 0 ms, 0 round(s): 
[INFO] dagger.hilt.processor.internal.generatesrootinput.GeneratesRootInputProcessor: total: 0 ms, init: 0 ms, 0 round(s): 
[INFO] dagger.hilt.processor.internal.originatingelement.OriginatingElementProcessor: total: 1 ms, init: 0 ms, 3 round(s): 1 ms, 0 ms, 0 ms
[INFO] dagger.hilt.processor.internal.aggregateddeps.AggregatedDepsProcessor: total: 178 ms, init: 1 ms, 4 round(s): 164 ms, 12 ms, 1 ms, 0 ms
[INFO] dagger.hilt.processor.internal.aliasof.AliasOfProcessor: total: 0 ms, init: 0 ms, 0 round(s): 
[INFO] dagger.hilt.android.processor.internal.androidentrypoint.AndroidEntryPointProcessor: total: 0 ms, init: 0 ms, 0 round(s): 
[INFO] dagger.hilt.android.processor.internal.customtestapplication.CustomTestApplicationProcessor: total: 0 ms, init: 0 ms, 0 round(s): 
[INFO] dagger.hilt.processor.internal.definecomponent.DefineComponentProcessor: total: 0 ms, init: 0 ms, 0 round(s): 
[INFO] androidx.room.RoomProcessor: total: 1569 ms, init: 12 ms, 4 round(s): 1556 ms, 0 ms, 0 ms, 1 ms
[INFO] dagger.internal.codegen.ComponentProcessor: total: 783 ms, init: 494 ms, 4 round(s): 268 ms, 14 ms, 6 ms, 1 ms
[INFO] Generated files report:
[INFO] dagger.hilt.processor.internal.uninstallmodules.UninstallModulesProcessor: total sources: 0, sources per round: 
[INFO] dagger.hilt.processor.internal.earlyentrypoint.EarlyEntryPointProcessor: total sources: 0, sources per round: 
[INFO] dagger.hilt.android.processor.internal.viewmodel.ViewModelProcessor: total sources: 0, sources per round: 
[INFO] dagger.hilt.android.processor.internal.bindvalue.BindValueProcessor: total sources: 0, sources per round: 
[INFO] dagger.hilt.processor.internal.root.RootProcessor: total sources: 0, sources per round: 
[INFO] dagger.hilt.processor.internal.root.ComponentTreeDepsProcessor: total sources: 0, sources per round: 
[INFO] dagger.hilt.processor.internal.generatesrootinput.GeneratesRootInputProcessor: total sources: 0, sources per round: 
[INFO] dagger.hilt.processor.internal.originatingelement.OriginatingElementProcessor: total sources: 0, sources per round: 0, 0, 0
[INFO] dagger.hilt.processor.internal.aggregateddeps.AggregatedDepsProcessor: total sources: 2, sources per round: 1, 1, 0, 0
[INFO] dagger.hilt.processor.internal.aliasof.AliasOfProcessor: total sources: 0, sources per round: 
[INFO] dagger.hilt.android.processor.internal.androidentrypoint.AndroidEntryPointProcessor: total sources: 0, sources per round: 
[INFO] dagger.hilt.android.processor.internal.customtestapplication.CustomTestApplicationProcessor: total sources: 0, sources per round: 
[INFO] dagger.hilt.processor.internal.definecomponent.DefineComponentProcessor: total sources: 0, sources per round: 
[INFO] androidx.room.RoomProcessor: total sources: 5, sources per round: 4, 1, 0, 0
[INFO] dagger.internal.codegen.ComponentProcessor: total sources: 8, sources per round: 7, 1, 0, 0
File Object History : []
Open Type Names     : []
Gen. Src Names      : []
Gen. Cls Names      : []
Agg. Gen. Src Names : []
Agg. Gen. Cls Names : []
[INFO] Annotation processing took 3285 ms

> Task :app:mergeDebugAssets UP-TO-DATE
> Task :app:compressDebugAssets UP-TO-DATE
> Task :app:mapDebugSourceSetPaths
> Task :app:mergeDebugNativeLibs UP-TO-DATE
> Task :app:stripDebugDebugSymbols UP-TO-DATE
> Task :app:checkDebugAarMetadata
> Task :app:processDebugMainManifest
> Task :app:processDebugManifest
> Task :app:processDebugManifestForPackage

> Task :core-database:compileDebugKotlin FAILED
e: file:///C:/Users/edwar/MultiAppShare-/core-database/src/main/java/com/multiappshare/model/AppGroup.kt:8:1 Your current Kotlin version is 1.9.23, while kotlinx.serialization core runtime 1.7.3 requires at least Kotlin 2.0.0-RC1. Please update your Kotlin compiler and IDE plugin.
e: file:///C:/Users/edwar/MultiAppShare-/core-database/src/main/java/com/multiappshare/model/AppInfo.kt:5:1 Your current Kotlin version is 1.9.23, while kotlinx.serialization core runtime 1.7.3 requires at least Kotlin 2.0.0-RC1. Please update your Kotlin compiler and IDE plugin.
e: file:///C:/Users/edwar/MultiAppShare-/core-database/src/main/java/com/multiappshare/model/HistoryItem.kt:8:1 Your current Kotlin version is 1.9.23, while kotlinx.serialization core runtime 1.7.3 requires at least Kotlin 2.0.0-RC1. Please update your Kotlin compiler and IDE plugin.

> Task :core-ui:compileDebugKotlin
> Task :app:mergeDebugResources
> Task :app:mergeExtDexDebug

FAILURE: Build failed with an exception.

* What went wrong:
Execution failed for task ':core-database:compileDebugKotlin'.
> A failure occurred while executing org.jetbrains.kotlin.compilerRunner.GradleCompilerRunnerWithWorkers$GradleKotlinCompilerWorkAction
   > Compilation error. See log for more details

* Try:
> Run with --info or --debug option to get more log output.
> Run with --scan to get full insights.
> Get more help at https://help.gradle.org.

* Exception is:
org.gradle.api.tasks.TaskExecutionException: Execution failed for task ':core-database:compileDebugKotlin'.
	at org.gradle.api.internal.tasks.execution.ExecuteActionsTaskExecuter.lambda$executeIfValid$1(ExecuteActionsTaskExecuter.java:148)
	at org.gradle.internal.Try$Failure.ifSuccessfulOrElse(Try.java:282)
	at org.gradle.api.internal.tasks.execution.ExecuteActionsTaskExecuter.executeIfValid(ExecuteActionsTaskExecuter.java:146)
	at org.gradle.api.internal.tasks.execution.ExecuteActionsTaskExecuter.execute(ExecuteActionsTaskExecuter.java:134)
	at org.gradle.api.internal.tasks.execution.FinalizePropertiesTaskExecuter.execute(FinalizePropertiesTaskExecuter.java:46)
	at org.gradle.api.internal.tasks.execution.ResolveTaskExecutionModeExecuter.execute(ResolveTaskExecutionModeExecuter.java:51)
	at org.gradle.api.internal.tasks.execution.SkipTaskWithNoActionsExecuter.execute(SkipTaskWithNoActionsExecuter.java:57)
	at org.gradle.api.internal.tasks.execution.SkipOnlyIfTaskExecuter.execute(SkipOnlyIfTaskExecuter.java:74)
	at org.gradle.api.internal.tasks.execution.CatchExceptionTaskExecuter.execute(CatchExceptionTaskExecuter.java:36)
	at org.gradle.api.internal.tasks.execution.EventFiringTaskExecuter$1.executeTask(EventFiringTaskExecuter.java:77)
	at org.gradle.api.internal.tasks.execution.EventFiringTaskExecuter$1.call(EventFiringTaskExecuter.java:55)
	at org.gradle.api.internal.tasks.execution.EventFiringTaskExecuter$1.call(EventFiringTaskExecuter.java:52)
	at org.gradle.internal.operations.DefaultBuildOperationRunner$CallableBuildOperationWorker.execute(DefaultBuildOperationRunner.java:204)
	at org.gradle.internal.operations.DefaultBuildOperationRunner$CallableBuildOperationWorker.execute(DefaultBuildOperationRunner.java:199)
	at org.gradle.internal.operations.DefaultBuildOperationRunner$2.execute(DefaultBuildOperationRunner.java:66)
	at org.gradle.internal.operations.DefaultBuildOperationRunner$2.execute(DefaultBuildOperationRunner.java:59)
	at org.gradle.internal.operations.DefaultBuildOperationRunner.execute(DefaultBuildOperationRunner.java:157)
	at org.gradle.internal.operations.DefaultBuildOperationRunner.execute(DefaultBuildOperationRunner.java:59)
	at org.gradle.internal.operations.DefaultBuildOperationRunner.call(DefaultBuildOperationRunner.java:53)
	at org.gradle.internal.operations.DefaultBuildOperationExecutor.call(DefaultBuildOperationExecutor.java:73)
	at org.gradle.api.internal.tasks.execution.EventFiringTaskExecuter.execute(EventFiringTaskExecuter.java:52)
	at org.gradle.execution.plan.LocalTaskNodeExecutor.execute(LocalTaskNodeExecutor.java:42)
	at org.gradle.execution.taskgraph.DefaultTaskExecutionGraph$InvokeNodeExecutorsAction.execute(DefaultTaskExecutionGraph.java:331)
	at org.gradle.execution.taskgraph.DefaultTaskExecutionGraph$InvokeNodeExecutorsAction.execute(DefaultTaskExecutionGraph.java:318)
	at org.gradle.execution.taskgraph.DefaultTaskExecutionGraph$BuildOperationAwareExecutionAction.lambda$execute$0(DefaultTaskExecutionGraph.java:314)
	at org.gradle.internal.operations.CurrentBuildOperationRef.with(CurrentBuildOperationRef.java:80)
	at org.gradle.execution.taskgraph.DefaultTaskExecutionGraph$BuildOperationAwareExecutionAction.execute(DefaultTaskExecutionGraph.java:314)
	at org.gradle.execution.taskgraph.DefaultTaskExecutionGraph$BuildOperationAwareExecutionAction.execute(DefaultTaskExecutionGraph.java:303)
	at org.gradle.execution.plan.DefaultPlanExecutor$ExecutorWorker.execute(DefaultPlanExecutor.java:463)
	at org.gradle.execution.plan.DefaultPlanExecutor$ExecutorWorker.run(DefaultPlanExecutor.java:380)
	at org.gradle.internal.concurrent.ExecutorPolicy$CatchAndRecordFailures.onExecute(ExecutorPolicy.java:64)
	at org.gradle.internal.concurrent.AbstractManagedExecutor$1.run(AbstractManagedExecutor.java:47)
Caused by: org.gradle.workers.internal.DefaultWorkerExecutor$WorkExecutionException: A failure occurred while executing org.jetbrains.kotlin.compilerRunner.GradleCompilerRunnerWithWorkers$GradleKotlinCompilerWorkAction
	at org.gradle.workers.internal.DefaultWorkerExecutor$WorkItemExecution.waitForCompletion(DefaultWorkerExecutor.java:283)
	at org.gradle.internal.work.DefaultAsyncWorkTracker.lambda$waitForItemsAndGatherFailures$2(DefaultAsyncWorkTracker.java:130)
	at org.gradle.internal.Factories$1.create(Factories.java:31)
	at org.gradle.internal.work.DefaultWorkerLeaseService.withoutLocks(DefaultWorkerLeaseService.java:336)
	at org.gradle.internal.work.DefaultWorkerLeaseService.withoutLocks(DefaultWorkerLeaseService.java:319)
	at org.gradle.internal.work.DefaultWorkerLeaseService.withoutLock(DefaultWorkerLeaseService.java:324)
	at org.gradle.internal.work.DefaultAsyncWorkTracker.waitForItemsAndGatherFailures(DefaultAsyncWorkTracker.java:126)
	at org.gradle.internal.work.DefaultAsyncWorkTracker.waitForItemsAndGatherFailures(DefaultAsyncWorkTracker.java:92)
	at org.gradle.internal.work.DefaultAsyncWorkTracker.waitForAll(DefaultAsyncWorkTracker.java:78)
	at org.gradle.internal.work.DefaultAsyncWorkTracker.waitForCompletion(DefaultAsyncWorkTracker.java:66)
	at org.gradle.api.internal.tasks.execution.TaskExecution$3.run(TaskExecution.java:255)
	at org.gradle.internal.operations.DefaultBuildOperationRunner$1.execute(DefaultBuildOperationRunner.java:29)
	at org.gradle.internal.operations.DefaultBuildOperationRunner$1.execute(DefaultBuildOperationRunner.java:26)
	at org.gradle.internal.operations.DefaultBuildOperationRunner$2.execute(DefaultBuildOperationRunner.java:66)
	at org.gradle.internal.operations.DefaultBuildOperationRunner$2.execute(DefaultBuildOperationRunner.java:59)
	at org.gradle.internal.operations.DefaultBuildOperationRunner.execute(DefaultBuildOperationRunner.java:157)
	at org.gradle.internal.operations.DefaultBuildOperationRunner.execute(DefaultBuildOperationRunner.java:59)
	at org.gradle.internal.operations.DefaultBuildOperationRunner.run(DefaultBuildOperationRunner.java:47)
	at org.gradle.internal.operations.DefaultBuildOperationExecutor.run(DefaultBuildOperationExecutor.java:68)
	at org.gradle.api.internal.tasks.execution.TaskExecution.executeAction(TaskExecution.java:232)
	at org.gradle.api.internal.tasks.execution.TaskExecution.executeActions(TaskExecution.java:215)
	at org.gradle.api.internal.tasks.execution.TaskExecution.executeWithPreviousOutputFiles(TaskExecution.java:198)
	at org.gradle.api.internal.tasks.execution.TaskExecution.execute(TaskExecution.java:165)
	at org.gradle.internal.execution.steps.ExecuteStep.executeInternal(ExecuteStep.java:105)
	at org.gradle.internal.execution.steps.ExecuteStep.access$000(ExecuteStep.java:44)
	at org.gradle.internal.execution.steps.ExecuteStep$1.call(ExecuteStep.java:59)
	at org.gradle.internal.execution.steps.ExecuteStep$1.call(ExecuteStep.java:56)
	at org.gradle.internal.operations.DefaultBuildOperationRunner$CallableBuildOperationWorker.execute(DefaultBuildOperationRunner.java:204)
	at org.gradle.internal.operations.DefaultBuildOperationRunner$CallableBuildOperationWorker.execute(DefaultBuildOperationRunner.java:199)
	at org.gradle.internal.operations.DefaultBuildOperationRunner$2.execute(DefaultBuildOperationRunner.java:66)
	at org.gradle.internal.operations.DefaultBuildOperationRunner$2.execute(DefaultBuildOperationRunner.java:59)
	at org.gradle.internal.operations.DefaultBuildOperationRunner.execute(DefaultBuildOperationRunner.java:157)
	at org.gradle.internal.operations.DefaultBuildOperationRunner.execute(DefaultBuildOperationRunner.java:59)
	at org.gradle.internal.operations.DefaultBuildOperationRunner.call(DefaultBuildOperationRunner.java:53)
	at org.gradle.internal.operations.DefaultBuildOperationExecutor.call(DefaultBuildOperationExecutor.java:73)
	at org.gradle.internal.execution.steps.ExecuteStep.execute(ExecuteStep.java:56)
	at org.gradle.internal.execution.steps.ExecuteStep.execute(ExecuteStep.java:44)
	at org.gradle.internal.execution.steps.CancelExecutionStep.execute(CancelExecutionStep.java:41)
	at org.gradle.internal.execution.steps.TimeoutStep.executeWithoutTimeout(TimeoutStep.java:74)
	at org.gradle.internal.execution.steps.TimeoutStep.execute(TimeoutStep.java:55)
	at org.gradle.internal.execution.steps.PreCreateOutputParentsStep.execute(PreCreateOutputParentsStep.java:50)
	at org.gradle.internal.execution.steps.PreCreateOutputParentsStep.execute(PreCreateOutputParentsStep.java:28)
	at org.gradle.internal.execution.steps.RemovePreviousOutputsStep.execute(RemovePreviousOutputsStep.java:67)
	at org.gradle.internal.execution.steps.RemovePreviousOutputsStep.execute(RemovePreviousOutputsStep.java:37)
	at org.gradle.internal.execution.steps.BroadcastChangingOutputsStep.execute(BroadcastChangingOutputsStep.java:61)
	at org.gradle.internal.execution.steps.BroadcastChangingOutputsStep.execute(BroadcastChangingOutputsStep.java:26)
	at org.gradle.internal.execution.steps.CaptureOutputsAfterExecutionStep.execute(CaptureOutputsAfterExecutionStep.java:64)
	at org.gradle.internal.execution.steps.CaptureOutputsAfterExecutionStep.execute(CaptureOutputsAfterExecutionStep.java:42)
	at org.gradle.internal.execution.steps.ResolveInputChangesStep.execute(ResolveInputChangesStep.java:40)
	at org.gradle.internal.execution.steps.ResolveInputChangesStep.execute(ResolveInputChangesStep.java:29)
	at org.gradle.internal.execution.steps.BuildCacheStep.executeWithoutCache(BuildCacheStep.java:189)
	at org.gradle.internal.execution.steps.BuildCacheStep.lambda$execute$1(BuildCacheStep.java:75)
	at org.gradle.internal.Either$Right.fold(Either.java:175)
	at org.gradle.internal.execution.caching.CachingState.fold(CachingState.java:59)
	at org.gradle.internal.execution.steps.BuildCacheStep.execute(BuildCacheStep.java:73)
	at org.gradle.internal.execution.steps.BuildCacheStep.execute(BuildCacheStep.java:48)
	at org.gradle.internal.execution.steps.StoreExecutionStateStep.execute(StoreExecutionStateStep.java:44)
	at org.gradle.internal.execution.steps.StoreExecutionStateStep.execute(StoreExecutionStateStep.java:33)
	at org.gradle.internal.execution.steps.SkipUpToDateStep.executeBecause(SkipUpToDateStep.java:76)
	at org.gradle.internal.execution.steps.SkipUpToDateStep.lambda$execute$2(SkipUpToDateStep.java:54)
	at org.gradle.internal.execution.steps.SkipUpToDateStep.execute(SkipUpToDateStep.java:54)
	at org.gradle.internal.execution.steps.SkipUpToDateStep.execute(SkipUpToDateStep.java:36)
	at org.gradle.internal.execution.steps.ResolveChangesStep.execute(ResolveChangesStep.java:65)
	at org.gradle.internal.execution.steps.ResolveChangesStep.execute(ResolveChangesStep.java:36)
	at org.gradle.internal.execution.steps.legacy.MarkSnapshottingInputsFinishedStep.execute(MarkSnapshottingInputsFinishedStep.java:37)
	at org.gradle.internal.execution.steps.legacy.MarkSnapshottingInputsFinishedStep.execute(MarkSnapshottingInputsFinishedStep.java:27)
	at org.gradle.internal.execution.steps.ResolveCachingStateStep.execute(ResolveCachingStateStep.java:76)
	at org.gradle.internal.execution.steps.ResolveCachingStateStep.execute(ResolveCachingStateStep.java:37)
	at org.gradle.internal.execution.steps.ValidateStep.execute(ValidateStep.java:106)
	at org.gradle.internal.execution.steps.ValidateStep.execute(ValidateStep.java:55)
	at org.gradle.internal.execution.steps.AbstractCaptureStateBeforeExecutionStep.execute(AbstractCaptureStateBeforeExecutionStep.java:64)
	at org.gradle.internal.execution.steps.AbstractCaptureStateBeforeExecutionStep.execute(AbstractCaptureStateBeforeExecutionStep.java:43)
	at org.gradle.internal.execution.steps.AbstractSkipEmptyWorkStep.executeWithNonEmptySources(AbstractSkipEmptyWorkStep.java:125)
	at org.gradle.internal.execution.steps.AbstractSkipEmptyWorkStep.execute(AbstractSkipEmptyWorkStep.java:61)
	at org.gradle.internal.execution.steps.AbstractSkipEmptyWorkStep.execute(AbstractSkipEmptyWorkStep.java:36)
	at org.gradle.internal.execution.steps.legacy.MarkSnapshottingInputsStartedStep.execute(MarkSnapshottingInputsStartedStep.java:38)
	at org.gradle.internal.execution.steps.LoadPreviousExecutionStateStep.execute(LoadPreviousExecutionStateStep.java:36)
	at org.gradle.internal.execution.steps.LoadPreviousExecutionStateStep.execute(LoadPreviousExecutionStateStep.java:23)
	at org.gradle.internal.execution.steps.HandleStaleOutputsStep.execute(HandleStaleOutputsStep.java:75)
	at org.gradle.internal.execution.steps.HandleStaleOutputsStep.execute(HandleStaleOutputsStep.java:41)
	at org.gradle.internal.execution.steps.AssignMutableWorkspaceStep.lambda$execute$0(AssignMutableWorkspaceStep.java:35)
	at org.gradle.api.internal.tasks.execution.TaskExecution$4.withWorkspace(TaskExecution.java:292)
	at org.gradle.internal.execution.steps.AssignMutableWorkspaceStep.execute(AssignMutableWorkspaceStep.java:31)
	at org.gradle.internal.execution.steps.AssignMutableWorkspaceStep.execute(AssignMutableWorkspaceStep.java:22)
	at org.gradle.internal.execution.steps.ChoosePipelineStep.execute(ChoosePipelineStep.java:40)
	at org.gradle.internal.execution.steps.ChoosePipelineStep.execute(ChoosePipelineStep.java:23)
	at org.gradle.internal.execution.steps.ExecuteWorkBuildOperationFiringStep.lambda$execute$2(ExecuteWorkBuildOperationFiringStep.java:66)
	at org.gradle.internal.execution.steps.ExecuteWorkBuildOperationFiringStep.execute(ExecuteWorkBuildOperationFiringStep.java:66)
	at org.gradle.internal.execution.steps.ExecuteWorkBuildOperationFiringStep.execute(ExecuteWorkBuildOperationFiringStep.java:38)
	at org.gradle.internal.execution.steps.IdentityCacheStep.execute(IdentityCacheStep.java:36)
	at org.gradle.internal.execution.steps.IdentityCacheStep.execute(IdentityCacheStep.java:26)
	at org.gradle.internal.execution.steps.IdentifyStep.execute(IdentifyStep.java:47)
	at org.gradle.internal.execution.steps.IdentifyStep.execute(IdentifyStep.java:34)
	at org.gradle.internal.execution.impl.DefaultExecutionEngine$1.execute(DefaultExecutionEngine.java:61)
	at org.gradle.api.internal.tasks.execution.ExecuteActionsTaskExecuter.executeIfValid(ExecuteActionsTaskExecuter.java:145)
	at org.gradle.api.internal.tasks.execution.ExecuteActionsTaskExecuter.execute(ExecuteActionsTaskExecuter.java:134)
	at org.gradle.api.internal.tasks.execution.FinalizePropertiesTaskExecuter.execute(FinalizePropertiesTaskExecuter.java:46)
	at org.gradle.api.internal.tasks.execution.ResolveTaskExecutionModeExecuter.execute(ResolveTaskExecutionModeExecuter.java:51)
	at org.gradle.api.internal.tasks.execution.SkipTaskWithNoActionsExecuter.execute(SkipTaskWithNoActionsExecuter.java:57)
	at org.gradle.api.internal.tasks.execution.SkipOnlyIfTaskExecuter.execute(SkipOnlyIfTaskExecuter.java:74)
	at org.gradle.api.internal.tasks.execution.CatchExceptionTaskExecuter.execute(CatchExceptionTaskExecuter.java:36)
	at org.gradle.api.internal.tasks.execution.EventFiringTaskExecuter$1.executeTask(EventFiringTaskExecuter.java:77)
	at org.gradle.api.internal.tasks.execution.EventFiringTaskExecuter$1.call(EventFiringTaskExecuter.java:55)
	at org.gradle.api.internal.tasks.execution.EventFiringTaskExecuter$1.call(EventFiringTaskExecuter.java:52)
	at org.gradle.internal.operations.DefaultBuildOperationRunner$CallableBuildOperationWorker.execute(DefaultBuildOperationRunner.java:204)
	at org.gradle.internal.operations.DefaultBuildOperationRunner$CallableBuildOperationWorker.execute(DefaultBuildOperationRunner.java:199)
	at org.gradle.internal.operations.DefaultBuildOperationRunner$2.execute(DefaultBuildOperationRunner.java:66)
	at org.gradle.internal.operations.DefaultBuildOperationRunner$2.execute(DefaultBuildOperationRunner.java:59)
	at org.gradle.internal.operations.DefaultBuildOperationRunner.execute(DefaultBuildOperationRunner.java:157)
	at org.gradle.internal.operations.DefaultBuildOperationRunner.execute(DefaultBuildOperationRunner.java:59)
	at org.gradle.internal.operations.DefaultBuildOperationRunner.call(DefaultBuildOperationRunner.java:53)
	at org.gradle.internal.operations.DefaultBuildOperationExecutor.call(DefaultBuildOperationExecutor.java:73)
	at org.gradle.api.internal.tasks.execution.EventFiringTaskExecuter.execute(EventFiringTaskExecuter.java:52)
	at org.gradle.execution.plan.LocalTaskNodeExecutor.execute(LocalTaskNodeExecutor.java:42)
	at org.gradle.execution.taskgraph.DefaultTaskExecutionGraph$InvokeNodeExecutorsAction.execute(DefaultTaskExecutionGraph.java:331)
	at org.gradle.execution.taskgraph.DefaultTaskExecutionGraph$InvokeNodeExecutorsAction.execute(DefaultTaskExecutionGraph.java:318)
	at org.gradle.execution.taskgraph.DefaultTaskExecutionGraph$BuildOperationAwareExecutionAction.lambda$execute$0(DefaultTaskExecutionGraph.java:314)
	at org.gradle.internal.operations.CurrentBuildOperationRef.with(CurrentBuildOperationRef.java:80)
	at org.gradle.execution.taskgraph.DefaultTaskExecutionGraph$BuildOperationAwareExecutionAction.execute(DefaultTaskExecutionGraph.java:314)
	at org.gradle.execution.taskgraph.DefaultTaskExecutionGraph$BuildOperationAwareExecutionAction.execute(DefaultTaskExecutionGraph.java:303)
	at org.gradle.execution.plan.DefaultPlanExecutor$ExecutorWorker.execute(DefaultPlanExecutor.java:463)
	at org.gradle.execution.plan.DefaultPlanExecutor$ExecutorWorker.run(DefaultPlanExecutor.java:380)
	at org.gradle.internal.concurrent.ExecutorPolicy$CatchAndRecordFailures.onExecute(ExecutorPolicy.java:64)
	at org.gradle.internal.concurrent.AbstractManagedExecutor$1.run(AbstractManagedExecutor.java:47)
Caused by: org.jetbrains.kotlin.gradle.tasks.CompilationErrorException: Compilation error. See log for more details
	at org.jetbrains.kotlin.gradle.tasks.TasksUtilsKt.throwExceptionIfCompilationFailed(tasksUtils.kt:20)
	at org.jetbrains.kotlin.compilerRunner.GradleKotlinCompilerWork.run(GradleKotlinCompilerWork.kt:141)
	at org.jetbrains.kotlin.compilerRunner.GradleCompilerRunnerWithWorkers$GradleKotlinCompilerWorkAction.execute(GradleCompilerRunnerWithWorkers.kt:73)
	at org.gradle.workers.internal.DefaultWorkerServer.execute(DefaultWorkerServer.java:63)
	at org.gradle.workers.internal.NoIsolationWorkerFactory$1$1.create(NoIsolationWorkerFactory.java:66)
	at org.gradle.workers.internal.NoIsolationWorkerFactory$1$1.create(NoIsolationWorkerFactory.java:62)
	at org.gradle.internal.classloader.ClassLoaderUtils.executeInClassloader(ClassLoaderUtils.java:100)
	at org.gradle.workers.internal.NoIsolationWorkerFactory$1.lambda$execute$0(NoIsolationWorkerFactory.java:62)
	at org.gradle.workers.internal.AbstractWorker$1.call(AbstractWorker.java:44)
	at org.gradle.workers.internal.AbstractWorker$1.call(AbstractWorker.java:41)
	at org.gradle.internal.operations.DefaultBuildOperationRunner$CallableBuildOperationWorker.execute(DefaultBuildOperationRunner.java:204)
	at org.gradle.internal.operations.DefaultBuildOperationRunner$CallableBuildOperationWorker.execute(DefaultBuildOperationRunner.java:199)
	at org.gradle.internal.operations.DefaultBuildOperationRunner$2.execute(DefaultBuildOperationRunner.java:66)
	at org.gradle.internal.operations.DefaultBuildOperationRunner$2.execute(DefaultBuildOperationRunner.java:59)
	at org.gradle.internal.operations.DefaultBuildOperationRunner.execute(DefaultBuildOperationRunner.java:157)
	at org.gradle.internal.operations.DefaultBuildOperationRunner.execute(DefaultBuildOperationRunner.java:59)
	at org.gradle.internal.operations.DefaultBuildOperationRunner.call(DefaultBuildOperationRunner.java:53)
	at org.gradle.internal.operations.DefaultBuildOperationExecutor.call(DefaultBuildOperationExecutor.java:73)
	at org.gradle.workers.internal.AbstractWorker.executeWrappedInBuildOperation(AbstractWorker.java:41)
	at org.gradle.workers.internal.NoIsolationWorkerFactory$1.execute(NoIsolationWorkerFactory.java:59)
	at org.gradle.workers.internal.DefaultWorkerExecutor.lambda$submitWork$0(DefaultWorkerExecutor.java:170)
	at org.gradle.internal.work.DefaultConditionalExecutionQueue$ExecutionRunner.runExecution(DefaultConditionalExecutionQueue.java:187)
	at org.gradle.internal.work.DefaultConditionalExecutionQueue$ExecutionRunner.access$700(DefaultConditionalExecutionQueue.java:120)
	at org.gradle.internal.work.DefaultConditionalExecutionQueue$ExecutionRunner$1.run(DefaultConditionalExecutionQueue.java:162)
	at org.gradle.internal.Factories$1.create(Factories.java:31)
	at org.gradle.internal.work.DefaultWorkerLeaseService.withLocks(DefaultWorkerLeaseService.java:264)
	at org.gradle.internal.work.DefaultWorkerLeaseService.runAsWorkerThread(DefaultWorkerLeaseService.java:128)
	at org.gradle.internal.work.DefaultWorkerLeaseService.runAsWorkerThread(DefaultWorkerLeaseService.java:133)
	at org.gradle.internal.work.DefaultConditionalExecutionQueue$ExecutionRunner.runBatch(DefaultConditionalExecutionQueue.java:157)
	at org.gradle.internal.work.DefaultConditionalExecutionQueue$ExecutionRunner.run(DefaultConditionalExecutionQueue.java:126)
	... 2 more


BUILD FAILED in 55s
107 actionable tasks: 17 executed, 90 up-to-date
Configuration cache entry stored.
